
Bookモデルのテスト
  バリデーションのテスト
    titleカラム
[32m      空欄でないこと[0m
    bodyカラム
[32m      空欄でないこと[0m
[32m      200文字以下であること: 200文字は〇[0m
[32m      200文字以下であること: 201文字は×[0m
  アソシエーションのテスト
    Userモデルとの関係
[32m      N:1となっている[0m

Userモデルのテスト
  バリデーションのテスト
    nameカラム
[32m      空欄でないこと[0m
[32m      2文字以上であること: 1文字は×[0m
[32m      2文字以上であること: 2文字は〇[0m
[32m      20文字以下であること: 20文字は〇[0m
[32m      20文字以下であること: 21文字は×[0m
[31m      一意性があること (FAILED - 1)[0m
    introductionカラム
[32m      50文字以下であること: 50文字は〇[0m
[32m      50文字以下であること: 51文字は×[0m
  アソシエーションのテスト
    Bookモデルとの関係
[32m      1:Nとなっている[0m

[STEP1] ユーザログイン前のテスト
  トップ画面のテスト
    表示内容の確認
[32m      URLが正しい[0m
[31m      Log inリンクが表示される: 左上から5番目のリンクが「Log in」である (FAILED - 2)[0m
[32m      Log inリンクの内容が正しい[0m
[31m      Sign Upリンクが表示される: 左上から6番目のリンクが「Sign Up」である (FAILED - 3)[0m
[32m      Sign Upリンクの内容が正しい[0m
  アバウト画面のテスト
    表示内容の確認
[31m      URLが正しい (FAILED - 4)[0m
  ヘッダーのテスト: ログインしていない場合
    表示内容の確認
[32m      タイトルが表示される[0m
[31m      Homeリンクが表示される: 左上から1番目のリンクが「Home」である (FAILED - 5)[0m
[31m      Aboutリンクが表示される: 左上から2番目のリンクが「About」である (FAILED - 6)[0m
[31m      sign upリンクが表示される: 左上から3番目のリンクが「sign up」である (FAILED - 7)[0m
[31m      loginリンクが表示される: 左上から4番目のリンクが「login」である (FAILED - 8)[0m
    リンクの内容を確認
[32m      Homeを押すと、トップ画面に遷移する[0m
[31m      Aboutを押すと、アバウト画面に遷移する (FAILED - 9)[0m
[31m      sign upを押すと、新規登録画面に遷移する (FAILED - 10)[0m
[31m      loginを押すと、ログイン画面に遷移する (FAILED - 11)[0m
  ユーザ新規登録のテスト
    表示内容の確認
[32m      URLが正しい[0m
[32m      「Sign up」と表示される[0m
[32m      nameフォームが表示される[0m
[32m      emailフォームが表示される[0m
[32m      passwordフォームが表示される[0m
[32m      password_confirmationフォームが表示される[0m
[32m      Sign upボタンが表示される[0m
    新規登録成功のテスト
[32m      正しく新規登録される[0m
[32m      新規登録後のリダイレクト先が、新規登録できたユーザの詳細画面になっている[0m
  ユーザログイン
    表示内容の確認
[32m      URLが正しい[0m
[32m      「Log in」と表示される[0m
[32m      nameフォームが表示される[0m
[32m      passwordフォームが表示される[0m
[32m      Sign upボタンが表示される[0m
[32m      emailフォームは表示されない[0m
    ログイン成功のテスト
[32m      ログイン後のリダイレクト先が、ログインしたユーザの詳細画面になっている[0m
    ログイン失敗のテスト
[32m      ログインに失敗し、ログイン画面にリダイレクトされる[0m
  ヘッダーのテスト: ログインしている場合
    ヘッダーの表示を確認
[32m      タイトルが表示される[0m
[31m      Homeリンクが表示される: 左上から1番目のリンクが「Home」である (FAILED - 12)[0m
[31m      Usersリンクが表示される: 左上から2番目のリンクが「Users」である (FAILED - 13)[0m
[31m      Booksリンクが表示される: 左上から3番目のリンクが「Books」である (FAILED - 14)[0m
[31m      log outリンクが表示される: 左上から4番目のリンクが「logout」である (FAILED - 15)[0m
  ユーザログアウトのテスト
    ログアウト機能のテスト
[31m      正しくログアウトできている: ログアウト後のリダイレクト先においてAbout画面へのリンクが存在する (FAILED - 16)[0m
[31m      ログアウト後のリダイレクト先が、トップになっている (FAILED - 17)[0m

[STEP2] ユーザログイン後のテスト
  ヘッダーのテスト: ログインしている場合
    リンクの内容を確認: ※logoutは『ユーザログアウトのテスト』でテスト済みになります。
[31m      Homeを押すと、自分のユーザ詳細画面に遷移する (FAILED - 18)[0m
[31m      Usersを押すと、ユーザ一覧画面に遷移する (FAILED - 19)[0m
[31m      Booksを押すと、投稿一覧画面に遷移する (FAILED - 20)[0m
  投稿一覧画面のテスト
    表示内容の確認
[32m      URLが正しい[0m
[32m      自分と他人の画像のリンク先が正しい[0m
[32m      自分の投稿と他人の投稿のタイトルのリンク先がそれぞれ正しい[0m
[32m      自分の投稿と他人の投稿のオピニオンが表示される[0m
    サイドバーの確認
[32m      自分の名前と紹介文が表示される[0m
[32m      自分のユーザ編集画面へのリンクが存在する[0m
[32m      「New book」と表示される[0m
[32m      titleフォームが表示される[0m
[32m      titleフォームに値が入っていない[0m
[32m      opinionフォームが表示される[0m
[32m      opinionフォームに値が入っていない[0m
[31m      Create Bookボタンが表示される (FAILED - 21)[0m
    投稿成功のテスト
[31m      自分の新しい投稿が正しく保存される (FAILED - 22)[0m
[31m      リダイレクト先が、保存できた投稿の詳細画面になっている (FAILED - 23)[0m
  自分の投稿詳細画面のテスト
    表示内容の確認
[32m      URLが正しい[0m
[32m      「Book detail」と表示される[0m
[32m      ユーザ画像・名前のリンク先が正しい[0m
[32m      投稿のtitleが表示される[0m
[32m      投稿のopinionが表示される[0m
[32m      投稿の編集リンクが表示される[0m
[32m      投稿の削除リンクが表示される[0m
    サイドバーの確認
[32m      自分の名前と紹介文が表示される[0m
[32m      自分のユーザ編集画面へのリンクが存在する[0m
[32m      「New book」と表示される[0m
[32m      titleフォームが表示される[0m
[32m      titleフォームに値が入っていない[0m
[32m      opinionフォームが表示される[0m
[31m      opinionフォームに値が入っていない (FAILED - 24)[0m
[31m      Create Bookボタンが表示される (FAILED - 25)[0m
    投稿成功のテスト
[31m      自分の新しい投稿が正しく保存される (FAILED - 26)[0m
    編集リンクのテスト
[32m      編集画面に遷移する[0m
    削除リンクのテスト
[32m      正しく削除される[0m
[32m      リダイレクト先が、投稿一覧画面になっている[0m
  自分の投稿編集画面のテスト
    表示の確認
[32m      URLが正しい[0m
[31m      「Editing Book」と表示される (FAILED - 27)[0m
[32m      title編集フォームが表示される[0m
[32m      opinion編集フォームが表示される[0m
[32m      Update Bookボタンが表示される[0m
[32m      Showリンクが表示される[0m
[32m      Backリンクが表示される[0m
    編集成功のテスト
[32m      titleが正しく更新される[0m
[32m      bodyが正しく更新される[0m
[32m      リダイレクト先が、更新した投稿の詳細画面になっている[0m
  ユーザ一覧画面のテスト
    表示内容の確認
[32m      URLが正しい[0m
[32m      自分と他人の画像が表示される: fallbackの画像がサイドバーの1つ＋一覧(2人)の2つの計3つ存在する[0m
[32m      自分と他人の名前がそれぞれ表示される[0m
[32m      自分と他人のshowリンクがそれぞれ表示される[0m
    サイドバーの確認
[32m      自分の名前と紹介文が表示される[0m
[32m      自分のユーザ編集画面へのリンクが存在する[0m
[32m      「New book」と表示される[0m
[32m      titleフォームが表示される[0m
[32m      titleフォームに値が入っていない[0m
[32m      opinionフォームが表示される[0m
[32m      opinionフォームに値が入っていない[0m
[31m      Create Bookボタンが表示される (FAILED - 28)[0m
  自分のユーザ詳細画面のテスト
    表示の確認
[32m      URLが正しい[0m
[32m      投稿一覧のユーザ画像のリンク先が正しい[0m
[31m      投稿一覧に自分の投稿のtitleが表示され、リンクが正しい (FAILED - 29)[0m
[32m      投稿一覧に自分の投稿のopinionが表示される[0m
[32m      他人の投稿は表示されない[0m
    サイドバーの確認
[32m      自分の名前と紹介文が表示される[0m
[32m      自分のユーザ編集画面へのリンクが存在する[0m
[32m      「New book」と表示される[0m
[32m      titleフォームが表示される[0m
[32m      titleフォームに値が入っていない[0m
[32m      opinionフォームが表示される[0m
[32m      opinionフォームに値が入っていない[0m
[31m      Create Bookボタンが表示される (FAILED - 30)[0m
  自分のユーザ情報編集画面のテスト
    表示の確認
[32m      URLが正しい[0m
[32m      名前編集フォームに自分の名前が表示される[0m
[32m      画像編集フォームが表示される[0m
[32m      自己紹介編集フォームに自分の自己紹介文が表示される[0m
[32m      Update Userボタンが表示される[0m
    更新成功のテスト
[32m      nameが正しく更新される[0m
[32m      introductionが正しく更新される[0m
[32m      リダイレクト先が、自分のユーザ詳細画面になっている[0m

[STEP3] 仕上げのテスト
  サクセスメッセージのテスト
[32m    ユーザ新規登録成功時[0m
[32m    ユーザログイン成功時[0m
[31m    ユーザログアウト成功時 (FAILED - 31)[0m
[32m    ユーザのプロフィール情報更新成功時[0m
[31m    投稿データの新規投稿成功時: 投稿一覧画面から行います。 (FAILED - 32)[0m
[32m    投稿データの更新成功時[0m
  処理失敗時のテスト
    ユーザ新規登録失敗: nameを1文字にする
[32m      新規登録されない[0m
[32m      新規登録画面を表示しており、フォームの内容が正しい[0m
[32m      バリデーションエラーが表示される[0m
    ユーザのプロフィール情報編集失敗: nameを1文字にする
[32m      更新されない[0m
[32m      ユーザ編集画面を表示しており、フォームの内容が正しい[0m
[31m      バリデーションエラーが表示される (FAILED - 33)[0m
    投稿データの新規投稿失敗: 投稿一覧画面から行い、titleを空にする
[31m      投稿が保存されない (FAILED - 34)[0m
[31m      投稿一覧画面を表示している (FAILED - 35)[0m
[32m      新規投稿フォームの内容が正しい[0m
[31m      バリデーションエラーが表示される (FAILED - 36)[0m
    投稿データの更新失敗: titleを空にする
[32m      投稿が更新されない[0m
[32m      投稿編集画面を表示しており、フォームの内容が正しい[0m
[32m      エラーメッセージが表示される[0m
  ログインしていない場合のアクセス制限のテスト: アクセスできず、ログイン画面に遷移する
[32m    ユーザ一覧画面[0m
[32m    ユーザ詳細画面[0m
[32m    ユーザ情報編集画面[0m
[32m    投稿一覧画面[0m
[32m    投稿詳細画面[0m
[32m    投稿編集画面[0m
  他人の画面のテスト
    他人の投稿詳細画面のテスト
      表示内容の確認
[32m        URLが正しい[0m
[32m        「Book detail」と表示される[0m
[32m        ユーザ画像・名前のリンク先が正しい[0m
[32m        投稿のtitleが表示される[0m
[32m        投稿のopinionが表示される[0m
[31m        投稿の編集リンクが表示されない (FAILED - 37)[0m
[31m        投稿の削除リンクが表示されない (FAILED - 38)[0m
      サイドバーの確認
[31m        他人の名前と紹介文が表示される (FAILED - 39)[0m
[31m        他人のユーザ編集画面へのリンクが存在する (FAILED - 40)[0m
[31m        自分の名前と紹介文は表示されない (FAILED - 41)[0m
[31m        自分のユーザ編集画面へのリンクは存在しない (FAILED - 42)[0m
    他人の投稿編集画面
[31m      遷移できず、投稿一覧画面にリダイレクトされる (FAILED - 43)[0m
    他人のユーザ詳細画面のテスト
      表示の確認
[32m        URLが正しい[0m
[31m        投稿一覧のユーザ画像のリンク先が正しい (FAILED - 44)[0m
[31m        投稿一覧に他人の投稿のtitleが表示され、リンクが正しい (FAILED - 45)[0m
[32m        投稿一覧に他人の投稿のopinionが表示される[0m
[32m        自分の投稿は表示されない[0m
      サイドバーの確認
[31m        他人の名前と紹介文が表示される (FAILED - 46)[0m
[32m        他人のユーザ編集画面へのリンクが存在する[0m
[31m        自分の名前と紹介文は表示されない (FAILED - 47)[0m
[32m        自分のユーザ編集画面へのリンクは存在しない[0m
    他人のユーザ情報編集画面
[32m      遷移できず、自分のユーザ詳細画面にリダイレクトされる[0m
  グリッドシステムのテスト: container, row, col-md-〇を正しく使えている
[32m    ユーザ一覧画面[0m
[32m    ユーザ詳細画面[0m
[32m    投稿一覧画面[0m
[32m    投稿詳細画面[0m
  アイコンのテスト
    トップ画面
[32m      本のアイコンが表示される[0m
    アバウト画面
[31m      本のアイコンが表示される (FAILED - 48)[0m
    ヘッダー: ログインしていない場合
[32m      Homeリンクのアイコンが表示される[0m
[32m      Aboutリンクのアイコンが表示される[0m
[32m      sign upリンクのアイコンが表示される[0m
[32m      loginリンクのアイコンが表示される[0m
    ヘッダー: ログインしている場合
[32m      Homeリンクのアイコンが表示される[0m
[32m      Usersリンクのアイコンが表示される[0m
[32m      Booksリンクのアイコンが表示される[0m
[31m      log outリンクのアイコンが表示される (FAILED - 49)[0m
    サイドバー
[32m      ユーザ一覧画面でレンチアイコンが表示される[0m
[32m      ユーザ詳細画面でレンチアイコンが表示される[0m
[32m      投稿一覧画面でレンチアイコンが表示される[0m
[32m      投稿詳細画面でレンチアイコンが表示される[0m

Failures:

  1) Userモデルのテスト バリデーションのテスト nameカラム 一意性があること
     [31mFailure/Error: is_expected.to eq false[0m
     [31m[0m
     [31m  expected: false[0m
     [31m       got: true[0m
     [31m[0m
     [31m  (compared using ==)[0m
     [31m[0m
     [31m  Diff:[0m[0m
     [31m  [0m[34m@@ -1 +1 @@[0m
     [31m  [0m[31m-false[0m
     [31m  [0m[32m+true[0m
     [31m  [0m[0m
     [36m# ./spec/models/user_spec.rb:33:in `block (4 levels) in <main>'[0m

  2) [STEP1] ユーザログイン前のテスト トップ画面のテスト 表示内容の確認 Log inリンクが表示される: 左上から5番目のリンクが「Log in」である
     [31mFailure/Error: expect(log_in_link).to match(/log in/i)[0m
     [31m[0m
     [31m  expected "login" to match /log in/i[0m
     [31m  Diff:[0m[0m
     [31m  [0m[34m@@ -1 +1 @@[0m
     [31m  [0m[31m-/log in/i[0m
     [31m  [0m[32m+"login"[0m
     [31m  [0m[0m
     [36m# ./spec/system/01_before_login_spec.rb:15:in `block (4 levels) in <main>'[0m

  3) [STEP1] ユーザログイン前のテスト トップ画面のテスト 表示内容の確認 Sign Upリンクが表示される: 左上から6番目のリンクが「Sign Up」である
     [31mFailure/Error: expect(sign_up_link).to match(/sign up/i)[0m
     [31m[0m
     [31m  expected "" to match /sign up/i[0m
     [31m  Diff:[0m[0m
     [31m  [0m[34m@@ -1 +1 @@[0m
     [31m  [0m[31m-/sign up/i[0m
     [31m  [0m[32m+""[0m
     [31m  [0m[0m
     [36m# ./spec/system/01_before_login_spec.rb:23:in `block (4 levels) in <main>'[0m

  4) [STEP1] ユーザログイン前のテスト アバウト画面のテスト 表示内容の確認 URLが正しい
     [31mFailure/Error: visit '/home/about'[0m
     [31m[0m
     [31mActionController::RoutingError:[0m
     [31m  No route matches [GET] "/home/about"[0m
     [36m# /home/ec2-user/.rvm/gems/ruby-2.6.3/gems/railties-5.2.5/lib/rails/rack/logger.rb:38:in `call_app'[0m
     [36m# /home/ec2-user/.rvm/gems/ruby-2.6.3/gems/railties-5.2.5/lib/rails/rack/logger.rb:26:in `block in call'[0m
     [36m# /home/ec2-user/.rvm/gems/ruby-2.6.3/gems/railties-5.2.5/lib/rails/rack/logger.rb:26:in `call'[0m
     [36m# /home/ec2-user/.rvm/gems/ruby-2.6.3/gems/rack-2.2.3/lib/rack/method_override.rb:24:in `call'[0m
     [36m# /home/ec2-user/.rvm/gems/ruby-2.6.3/gems/rack-2.2.3/lib/rack/runtime.rb:22:in `call'[0m
     [36m# /home/ec2-user/.rvm/gems/ruby-2.6.3/gems/rack-2.2.3/lib/rack/sendfile.rb:110:in `call'[0m
     [36m# /home/ec2-user/.rvm/gems/ruby-2.6.3/gems/railties-5.2.5/lib/rails/engine.rb:524:in `call'[0m
     [36m# /home/ec2-user/.rvm/gems/ruby-2.6.3/gems/rack-2.2.3/lib/rack/urlmap.rb:74:in `block in call'[0m
     [36m# /home/ec2-user/.rvm/gems/ruby-2.6.3/gems/rack-2.2.3/lib/rack/urlmap.rb:58:in `each'[0m
     [36m# /home/ec2-user/.rvm/gems/ruby-2.6.3/gems/rack-2.2.3/lib/rack/urlmap.rb:58:in `call'[0m
     [36m# /home/ec2-user/.rvm/gems/ruby-2.6.3/gems/rack-2.2.3/lib/rack/builder.rb:244:in `call'[0m
     [36m# /home/ec2-user/.rvm/gems/ruby-2.6.3/gems/rack-test-1.1.0/lib/rack/mock_session.rb:29:in `request'[0m
     [36m# /home/ec2-user/.rvm/gems/ruby-2.6.3/gems/rack-test-1.1.0/lib/rack/test.rb:266:in `process_request'[0m
     [36m# /home/ec2-user/.rvm/gems/ruby-2.6.3/gems/rack-test-1.1.0/lib/rack/test.rb:129:in `custom_request'[0m
     [36m# /home/ec2-user/.rvm/gems/ruby-2.6.3/gems/rack-test-1.1.0/lib/rack/test.rb:58:in `get'[0m
     [36m# /home/ec2-user/.rvm/gems/ruby-2.6.3/gems/capybara-3.35.3/lib/capybara/rack_test/browser.rb:72:in `process'[0m
     [36m# /home/ec2-user/.rvm/gems/ruby-2.6.3/gems/capybara-3.35.3/lib/capybara/rack_test/browser.rb:47:in `process_and_follow_redirects'[0m
     [36m# /home/ec2-user/.rvm/gems/ruby-2.6.3/gems/capybara-3.35.3/lib/capybara/rack_test/browser.rb:24:in `visit'[0m
     [36m# /home/ec2-user/.rvm/gems/ruby-2.6.3/gems/capybara-3.35.3/lib/capybara/rack_test/driver.rb:46:in `visit'[0m
     [36m# /home/ec2-user/.rvm/gems/ruby-2.6.3/gems/capybara-3.35.3/lib/capybara/session.rb:278:in `visit'[0m
     [36m# /home/ec2-user/.rvm/gems/ruby-2.6.3/gems/capybara-3.35.3/lib/capybara/dsl.rb:58:in `block (2 levels) in <module:DSL>'[0m
     [36m# ./spec/system/01_before_login_spec.rb:34:in `block (3 levels) in <main>'[0m

  5) [STEP1] ユーザログイン前のテスト ヘッダーのテスト: ログインしていない場合 表示内容の確認 Homeリンクが表示される: 左上から1番目のリンクが「Home」である
     [31mFailure/Error: expect(home_link).to match(/home/i)[0m
     [31m[0m
     [31m  expected "Bookers" to match /home/i[0m
     [31m  Diff:[0m[0m
     [31m  [0m[34m@@ -1 +1 @@[0m
     [31m  [0m[31m-/home/i[0m
     [31m  [0m[32m+"Bookers"[0m
     [31m  [0m[0m
     [36m# ./spec/system/01_before_login_spec.rb:55:in `block (4 levels) in <main>'[0m

  6) [STEP1] ユーザログイン前のテスト ヘッダーのテスト: ログインしていない場合 表示内容の確認 Aboutリンクが表示される: 左上から2番目のリンクが「About」である
     [31mFailure/Error: expect(about_link).to match(/about/i)[0m
     [31m[0m
     [31m  expected "Home" to match /about/i[0m
     [31m  Diff:[0m[0m
     [31m  [0m[34m@@ -1 +1 @@[0m
     [31m  [0m[31m-/about/i[0m
     [31m  [0m[32m+"Home"[0m
     [31m  [0m[0m
     [36m# ./spec/system/01_before_login_spec.rb:59:in `block (4 levels) in <main>'[0m

  7) [STEP1] ユーザログイン前のテスト ヘッダーのテスト: ログインしていない場合 表示内容の確認 sign upリンクが表示される: 左上から3番目のリンクが「sign up」である
     [31mFailure/Error: expect(signup_link).to match(/sign up/i)[0m
     [31m[0m
     [31m  expected "About" to match /sign up/i[0m
     [31m  Diff:[0m[0m
     [31m  [0m[34m@@ -1 +1 @@[0m
     [31m  [0m[31m-/sign up/i[0m
     [31m  [0m[32m+"About"[0m
     [31m  [0m[0m
     [36m# ./spec/system/01_before_login_spec.rb:63:in `block (4 levels) in <main>'[0m

  8) [STEP1] ユーザログイン前のテスト ヘッダーのテスト: ログインしていない場合 表示内容の確認 loginリンクが表示される: 左上から4番目のリンクが「login」である
     [31mFailure/Error: expect(login_link).to match(/login/i)[0m
     [31m[0m
     [31m  expected "Sign up" to match /login/i[0m
     [31m  Diff:[0m[0m
     [31m  [0m[34m@@ -1 +1 @@[0m
     [31m  [0m[31m-/login/i[0m
     [31m  [0m[32m+"Sign up"[0m
     [31m  [0m[0m
     [36m# ./spec/system/01_before_login_spec.rb:67:in `block (4 levels) in <main>'[0m

  9) [STEP1] ユーザログイン前のテスト ヘッダーのテスト: ログインしていない場合 リンクの内容を確認 Aboutを押すと、アバウト画面に遷移する
     [31mFailure/Error: is_expected.to eq '/home/about'[0m
     [31m[0m
     [31m  expected: "/home/about"[0m
     [31m       got: "/"[0m
     [31m[0m
     [31m  (compared using ==)[0m
     [36m# ./spec/system/01_before_login_spec.rb:85:in `block (4 levels) in <main>'[0m

  10) [STEP1] ユーザログイン前のテスト ヘッダーのテスト: ログインしていない場合 リンクの内容を確認 sign upを押すと、新規登録画面に遷移する
      [31mFailure/Error: is_expected.to eq '/users/sign_up'[0m
      [31m[0m
      [31m  expected: "/users/sign_up"[0m
      [31m       got: "/users/sign_in"[0m
      [31m[0m
      [31m  (compared using ==)[0m
      [36m# ./spec/system/01_before_login_spec.rb:91:in `block (4 levels) in <main>'[0m

  11) [STEP1] ユーザログイン前のテスト ヘッダーのテスト: ログインしていない場合 リンクの内容を確認 loginを押すと、ログイン画面に遷移する
      [31mFailure/Error: is_expected.to eq '/users/sign_in'[0m
      [31m[0m
      [31m  expected: "/users/sign_in"[0m
      [31m       got: "/users/sign_up"[0m
      [31m[0m
      [31m  (compared using ==)[0m
      [36m# ./spec/system/01_before_login_spec.rb:97:in `block (4 levels) in <main>'[0m

  12) [STEP1] ユーザログイン前のテスト ヘッダーのテスト: ログインしている場合 ヘッダーの表示を確認 Homeリンクが表示される: 左上から1番目のリンクが「Home」である
      [31mFailure/Error: expect(home_link).to match(/home/i)[0m
      [31m[0m
      [31m  expected "Bookers" to match /home/i[0m
      [31m  Diff:[0m[0m
      [31m  [0m[34m@@ -1 +1 @@[0m
      [31m  [0m[31m-/home/i[0m
      [31m  [0m[32m+"Bookers"[0m
      [31m  [0m[0m
      [36m# ./spec/system/01_before_login_spec.rb:218:in `block (4 levels) in <main>'[0m

  13) [STEP1] ユーザログイン前のテスト ヘッダーのテスト: ログインしている場合 ヘッダーの表示を確認 Usersリンクが表示される: 左上から2番目のリンクが「Users」である
      [31mFailure/Error: expect(users_link).to match(/users/i)[0m
      [31m[0m
      [31m  expected "Home" to match /users/i[0m
      [31m  Diff:[0m[0m
      [31m  [0m[34m@@ -1 +1 @@[0m
      [31m  [0m[31m-/users/i[0m
      [31m  [0m[32m+"Home"[0m
      [31m  [0m[0m
      [36m# ./spec/system/01_before_login_spec.rb:222:in `block (4 levels) in <main>'[0m

  14) [STEP1] ユーザログイン前のテスト ヘッダーのテスト: ログインしている場合 ヘッダーの表示を確認 Booksリンクが表示される: 左上から3番目のリンクが「Books」である
      [31mFailure/Error: expect(books_link).to match(/books/i)[0m
      [31m[0m
      [31m  expected "Users" to match /books/i[0m
      [31m  Diff:[0m[0m
      [31m  [0m[34m@@ -1 +1 @@[0m
      [31m  [0m[31m-/books/i[0m
      [31m  [0m[32m+"Users"[0m
      [31m  [0m[0m
      [36m# ./spec/system/01_before_login_spec.rb:226:in `block (4 levels) in <main>'[0m

  15) [STEP1] ユーザログイン前のテスト ヘッダーのテスト: ログインしている場合 ヘッダーの表示を確認 log outリンクが表示される: 左上から4番目のリンクが「logout」である
      [31mFailure/Error: expect(logout_link).to match(/logout/i)[0m
      [31m[0m
      [31m  expected "Books" to match /logout/i[0m
      [31m  Diff:[0m[0m
      [31m  [0m[34m@@ -1 +1 @@[0m
      [31m  [0m[31m-/logout/i[0m
      [31m  [0m[32m+"Books"[0m
      [31m  [0m[0m
      [36m# ./spec/system/01_before_login_spec.rb:230:in `block (4 levels) in <main>'[0m

  16) [STEP1] ユーザログイン前のテスト ユーザログアウトのテスト ログアウト機能のテスト 正しくログアウトできている: ログアウト後のリダイレクト先においてAbout画面へのリンクが存在する
      [31mFailure/Error: expect(page).to have_link '', href: '/home/about'[0m
      [31m  expected to find link "" with href "/home/about" but there were no matches[0m
      [36m# ./spec/system/01_before_login_spec.rb:250:in `block (4 levels) in <main>'[0m

  17) [STEP1] ユーザログイン前のテスト ユーザログアウトのテスト ログアウト機能のテスト ログアウト後のリダイレクト先が、トップになっている
      [31mFailure/Error: expect(current_path).to eq '/'[0m
      [31m[0m
      [31m  expected: "/"[0m
      [31m       got: "/books"[0m
      [31m[0m
      [31m  (compared using ==)[0m
      [36m# ./spec/system/01_before_login_spec.rb:253:in `block (4 levels) in <main>'[0m

  18) [STEP2] ユーザログイン後のテスト ヘッダーのテスト: ログインしている場合 リンクの内容を確認: ※logoutは『ユーザログアウトのテスト』でテスト済みになります。 Homeを押すと、自分のユーザ詳細画面に遷移する
      [31mFailure/Error: is_expected.to eq '/users/' + user.id.to_s[0m
      [31m[0m
      [31m  expected: "/users/2"[0m
      [31m       got: "/"[0m
      [31m[0m
      [31m  (compared using ==)[0m
      [36m# ./spec/system/02_after_login_spec.rb:24:in `block (4 levels) in <main>'[0m

  19) [STEP2] ユーザログイン後のテスト ヘッダーのテスト: ログインしている場合 リンクの内容を確認: ※logoutは『ユーザログアウトのテスト』でテスト済みになります。 Usersを押すと、ユーザ一覧画面に遷移する
      [31mFailure/Error: is_expected.to eq '/users'[0m
      [31m[0m
      [31m  expected: "/users"[0m
      [31m       got: "/users/2"[0m
      [31m[0m
      [31m  (compared using ==)[0m
      [36m# ./spec/system/02_after_login_spec.rb:30:in `block (4 levels) in <main>'[0m

  20) [STEP2] ユーザログイン後のテスト ヘッダーのテスト: ログインしている場合 リンクの内容を確認: ※logoutは『ユーザログアウトのテスト』でテスト済みになります。 Booksを押すと、投稿一覧画面に遷移する
      [31mFailure/Error: is_expected.to eq '/books'[0m
      [31m[0m
      [31m  expected: "/books"[0m
      [31m       got: "/users"[0m
      [31m[0m
      [31m  (compared using ==)[0m
      [36m# ./spec/system/02_after_login_spec.rb:36:in `block (4 levels) in <main>'[0m

  21) [STEP2] ユーザログイン後のテスト 投稿一覧画面のテスト サイドバーの確認 Create Bookボタンが表示される
      [31mFailure/Error: expect(page).to have_button 'Create Book'[0m
      [31m  expected to find button "Create Book" that is not disabled but there were no matches[0m
      [36m# ./spec/system/02_after_login_spec.rb:88:in `block (4 levels) in <main>'[0m

  22) [STEP2] ユーザログイン後のテスト 投稿一覧画面のテスト 投稿成功のテスト 自分の新しい投稿が正しく保存される
      [31mFailure/Error: expect { click_button 'Create Book' }.to change(user.books, :count).by(1)[0m
      [31m[0m
      [31mCapybara::ElementNotFound:[0m
      [31m  Unable to find button "Create Book" that is not disabled[0m
      [36m# /home/ec2-user/.rvm/gems/ruby-2.6.3/gems/capybara-3.35.3/lib/capybara/node/finders.rb:303:in `block in synced_resolve'[0m
      [36m# /home/ec2-user/.rvm/gems/ruby-2.6.3/gems/capybara-3.35.3/lib/capybara/node/base.rb:83:in `synchronize'[0m
      [36m# /home/ec2-user/.rvm/gems/ruby-2.6.3/gems/capybara-3.35.3/lib/capybara/node/finders.rb:292:in `synced_resolve'[0m
      [36m# /home/ec2-user/.rvm/gems/ruby-2.6.3/gems/capybara-3.35.3/lib/capybara/node/finders.rb:53:in `find'[0m
      [36m# /home/ec2-user/.rvm/gems/ruby-2.6.3/gems/capybara-3.35.3/lib/capybara/node/actions.rb:58:in `click_button'[0m
      [36m# /home/ec2-user/.rvm/gems/ruby-2.6.3/gems/capybara-3.35.3/lib/capybara/session.rb:768:in `block (2 levels) in <class:Session>'[0m
      [36m# /home/ec2-user/.rvm/gems/ruby-2.6.3/gems/capybara-3.35.3/lib/capybara/dsl.rb:58:in `block (2 levels) in <module:DSL>'[0m
      [36m# ./spec/system/02_after_login_spec.rb:99:in `block (5 levels) in <main>'[0m
      [36m# ./spec/system/02_after_login_spec.rb:99:in `block (4 levels) in <main>'[0m

  23) [STEP2] ユーザログイン後のテスト 投稿一覧画面のテスト 投稿成功のテスト リダイレクト先が、保存できた投稿の詳細画面になっている
      [31mFailure/Error: click_button 'Create Book'[0m
      [31m[0m
      [31mCapybara::ElementNotFound:[0m
      [31m  Unable to find button "Create Book" that is not disabled[0m
      [36m# /home/ec2-user/.rvm/gems/ruby-2.6.3/gems/capybara-3.35.3/lib/capybara/node/finders.rb:303:in `block in synced_resolve'[0m
      [36m# /home/ec2-user/.rvm/gems/ruby-2.6.3/gems/capybara-3.35.3/lib/capybara/node/base.rb:83:in `synchronize'[0m
      [36m# /home/ec2-user/.rvm/gems/ruby-2.6.3/gems/capybara-3.35.3/lib/capybara/node/finders.rb:292:in `synced_resolve'[0m
      [36m# /home/ec2-user/.rvm/gems/ruby-2.6.3/gems/capybara-3.35.3/lib/capybara/node/finders.rb:53:in `find'[0m
      [36m# /home/ec2-user/.rvm/gems/ruby-2.6.3/gems/capybara-3.35.3/lib/capybara/node/actions.rb:58:in `click_button'[0m
      [36m# /home/ec2-user/.rvm/gems/ruby-2.6.3/gems/capybara-3.35.3/lib/capybara/session.rb:768:in `block (2 levels) in <class:Session>'[0m
      [36m# /home/ec2-user/.rvm/gems/ruby-2.6.3/gems/capybara-3.35.3/lib/capybara/dsl.rb:58:in `block (2 levels) in <module:DSL>'[0m
      [36m# ./spec/system/02_after_login_spec.rb:102:in `block (4 levels) in <main>'[0m

  24) [STEP2] ユーザログイン後のテスト 自分の投稿詳細画面のテスト サイドバーの確認 opinionフォームに値が入っていない
      [31mFailure/Error: expect(find_field('book[body]').text).to be_blank[0m
      [31m  expected `"90rbfrckwfivw0jm3sjl".blank?` to be truthy, got false[0m
      [36m# ./spec/system/02_after_login_spec.rb:158:in `block (4 levels) in <main>'[0m

  25) [STEP2] ユーザログイン後のテスト 自分の投稿詳細画面のテスト サイドバーの確認 Create Bookボタンが表示される
      [31mFailure/Error: expect(page).to have_button 'Create Book'[0m
      [31m  expected to find button "Create Book" that is not disabled but there were no matches[0m
      [36m# ./spec/system/02_after_login_spec.rb:161:in `block (4 levels) in <main>'[0m

  26) [STEP2] ユーザログイン後のテスト 自分の投稿詳細画面のテスト 投稿成功のテスト 自分の新しい投稿が正しく保存される
      [31mFailure/Error: expect { click_button 'Create Book' }.to change(user.books, :count).by(1)[0m
      [31m[0m
      [31mCapybara::ElementNotFound:[0m
      [31m  Unable to find button "Create Book" that is not disabled[0m
      [36m# /home/ec2-user/.rvm/gems/ruby-2.6.3/gems/capybara-3.35.3/lib/capybara/node/finders.rb:303:in `block in synced_resolve'[0m
      [36m# /home/ec2-user/.rvm/gems/ruby-2.6.3/gems/capybara-3.35.3/lib/capybara/node/base.rb:83:in `synchronize'[0m
      [36m# /home/ec2-user/.rvm/gems/ruby-2.6.3/gems/capybara-3.35.3/lib/capybara/node/finders.rb:292:in `synced_resolve'[0m
      [36m# /home/ec2-user/.rvm/gems/ruby-2.6.3/gems/capybara-3.35.3/lib/capybara/node/finders.rb:53:in `find'[0m
      [36m# /home/ec2-user/.rvm/gems/ruby-2.6.3/gems/capybara-3.35.3/lib/capybara/node/actions.rb:58:in `click_button'[0m
      [36m# /home/ec2-user/.rvm/gems/ruby-2.6.3/gems/capybara-3.35.3/lib/capybara/session.rb:768:in `block (2 levels) in <class:Session>'[0m
      [36m# /home/ec2-user/.rvm/gems/ruby-2.6.3/gems/capybara-3.35.3/lib/capybara/dsl.rb:58:in `block (2 levels) in <module:DSL>'[0m
      [36m# ./spec/system/02_after_login_spec.rb:172:in `block (5 levels) in <main>'[0m
      [36m# ./spec/system/02_after_login_spec.rb:172:in `block (4 levels) in <main>'[0m

  27) [STEP2] ユーザログイン後のテスト 自分の投稿編集画面のテスト 表示の確認 「Editing Book」と表示される
      [31mFailure/Error: expect(page).to have_content 'Editing Book'[0m
      [31m  expected to find text "Editing Book" in "Bookers\nHome Users Books log out\nEdting Book\nTitle\nOpinion\nxr3gcn33aw2wahjw60fz\nShow Back\nCopyRight Infratop.inc"[0m
      [36m# ./spec/system/02_after_login_spec.rb:207:in `block (4 levels) in <main>'[0m

  28) [STEP2] ユーザログイン後のテスト ユーザ一覧画面のテスト サイドバーの確認 Create Bookボタンが表示される
      [31mFailure/Error: expect(page).to have_button 'Create Book'[0m
      [31m  expected to find button "Create Book" that is not disabled but there were no matches[0m
      [36m# ./spec/system/02_after_login_spec.rb:294:in `block (4 levels) in <main>'[0m

  29) [STEP2] ユーザログイン後のテスト 自分のユーザ詳細画面のテスト 表示の確認 投稿一覧に自分の投稿のtitleが表示され、リンクが正しい
      [31mFailure/Error: expect(page).to have_link book.title, href: book_path(book)[0m
      [31m  expected to find link "bssjo" with href "/books/1" but there were no matches[0m
      [36m# ./spec/system/02_after_login_spec.rb:312:in `block (4 levels) in <main>'[0m

  30) [STEP2] ユーザログイン後のテスト 自分のユーザ詳細画面のテスト サイドバーの確認 Create Bookボタンが表示される
      [31mFailure/Error: expect(page).to have_button 'Create Book'[0m
      [31m  expected to find button "Create Book" that is not disabled but there were no matches[0m
      [36m# ./spec/system/02_after_login_spec.rb:348:in `block (4 levels) in <main>'[0m

  31) [STEP3] 仕上げのテスト サクセスメッセージのテスト ユーザログアウト成功時
      [31mFailure/Error: is_expected.to have_content 'successfully'[0m
      [31m  expected to find text "successfully" in "Bookers\nHome Users Books log out\nUser info\nnamae 5t87dt0otu introduction bsc26kxntbguspv7sbt6\nNew book\nTitle\nOpinion\nBooks\nTitle Opinion uvkl1 hgrn52zlwq3798e34s2o rl4xg lpv88sne5ucv2fxa11a0\n<\nCopyRight Infratop.inc"[0m
      [36m# ./spec/system/03_finishing_touches_spec.rb:36:in `block (3 levels) in <main>'[0m

  32) [STEP3] 仕上げのテスト サクセスメッセージのテスト 投稿データの新規投稿成功時: 投稿一覧画面から行います。
      [31mFailure/Error: click_button 'Create Book'[0m
      [31m[0m
      [31mCapybara::ElementNotFound:[0m
      [31m  Unable to find button "Create Book" that is not disabled[0m
      [36m# /home/ec2-user/.rvm/gems/ruby-2.6.3/gems/capybara-3.35.3/lib/capybara/node/finders.rb:303:in `block in synced_resolve'[0m
      [36m# /home/ec2-user/.rvm/gems/ruby-2.6.3/gems/capybara-3.35.3/lib/capybara/node/base.rb:83:in `synchronize'[0m
      [36m# /home/ec2-user/.rvm/gems/ruby-2.6.3/gems/capybara-3.35.3/lib/capybara/node/finders.rb:292:in `synced_resolve'[0m
      [36m# /home/ec2-user/.rvm/gems/ruby-2.6.3/gems/capybara-3.35.3/lib/capybara/node/finders.rb:53:in `find'[0m
      [36m# /home/ec2-user/.rvm/gems/ruby-2.6.3/gems/capybara-3.35.3/lib/capybara/node/actions.rb:58:in `click_button'[0m
      [36m# /home/ec2-user/.rvm/gems/ruby-2.6.3/gems/capybara-3.35.3/lib/capybara/session.rb:768:in `block (2 levels) in <class:Session>'[0m
      [36m# /home/ec2-user/.rvm/gems/ruby-2.6.3/gems/capybara-3.35.3/lib/capybara/dsl.rb:58:in `block (2 levels) in <module:DSL>'[0m
      [36m# ./spec/system/03_finishing_touches_spec.rb:55:in `block (3 levels) in <main>'[0m

  33) [STEP3] 仕上げのテスト 処理失敗時のテスト ユーザのプロフィール情報編集失敗: nameを1文字にする バリデーションエラーが表示される
      [31mFailure/Error: expect(page).to have_content "is too short (minimum is 2 characters)"[0m
      [31m  expected to find text "is too short (minimum is 2 characters)" in "Bookers\nHome Users Books log out\nerrors prohibited this obj from being saved:\nUser info\nName\nImage\nintroduction\naxhw8smn6t9fnhhwkfwy\nCopyRight Infratop.inc"[0m
      [36m# ./spec/system/03_finishing_touches_spec.rb:116:in `block (4 levels) in <main>'[0m

  34) [STEP3] 仕上げのテスト 処理失敗時のテスト 投稿データの新規投稿失敗: 投稿一覧画面から行い、titleを空にする 投稿が保存されない
      [31mFailure/Error: expect { click_button 'Create Book' }.not_to change(Book.all, :count)[0m
      [31m[0m
      [31mCapybara::ElementNotFound:[0m
      [31m  Unable to find button "Create Book" that is not disabled[0m
      [36m# /home/ec2-user/.rvm/gems/ruby-2.6.3/gems/capybara-3.35.3/lib/capybara/node/finders.rb:303:in `block in synced_resolve'[0m
      [36m# /home/ec2-user/.rvm/gems/ruby-2.6.3/gems/capybara-3.35.3/lib/capybara/node/base.rb:83:in `synchronize'[0m
      [36m# /home/ec2-user/.rvm/gems/ruby-2.6.3/gems/capybara-3.35.3/lib/capybara/node/finders.rb:292:in `synced_resolve'[0m
      [36m# /home/ec2-user/.rvm/gems/ruby-2.6.3/gems/capybara-3.35.3/lib/capybara/node/finders.rb:53:in `find'[0m
      [36m# /home/ec2-user/.rvm/gems/ruby-2.6.3/gems/capybara-3.35.3/lib/capybara/node/actions.rb:58:in `click_button'[0m
      [36m# /home/ec2-user/.rvm/gems/ruby-2.6.3/gems/capybara-3.35.3/lib/capybara/session.rb:768:in `block (2 levels) in <class:Session>'[0m
      [36m# /home/ec2-user/.rvm/gems/ruby-2.6.3/gems/capybara-3.35.3/lib/capybara/dsl.rb:58:in `block (2 levels) in <module:DSL>'[0m
      [36m# ./spec/system/03_finishing_touches_spec.rb:132:in `block (5 levels) in <main>'[0m
      [36m# ./spec/system/03_finishing_touches_spec.rb:132:in `block (4 levels) in <main>'[0m

  35) [STEP3] 仕上げのテスト 処理失敗時のテスト 投稿データの新規投稿失敗: 投稿一覧画面から行い、titleを空にする 投稿一覧画面を表示している
      [31mFailure/Error: click_button 'Create Book'[0m
      [31m[0m
      [31mCapybara::ElementNotFound:[0m
      [31m  Unable to find button "Create Book" that is not disabled[0m
      [36m# /home/ec2-user/.rvm/gems/ruby-2.6.3/gems/capybara-3.35.3/lib/capybara/node/finders.rb:303:in `block in synced_resolve'[0m
      [36m# /home/ec2-user/.rvm/gems/ruby-2.6.3/gems/capybara-3.35.3/lib/capybara/node/base.rb:83:in `synchronize'[0m
      [36m# /home/ec2-user/.rvm/gems/ruby-2.6.3/gems/capybara-3.35.3/lib/capybara/node/finders.rb:292:in `synced_resolve'[0m
      [36m# /home/ec2-user/.rvm/gems/ruby-2.6.3/gems/capybara-3.35.3/lib/capybara/node/finders.rb:53:in `find'[0m
      [36m# /home/ec2-user/.rvm/gems/ruby-2.6.3/gems/capybara-3.35.3/lib/capybara/node/actions.rb:58:in `click_button'[0m
      [36m# /home/ec2-user/.rvm/gems/ruby-2.6.3/gems/capybara-3.35.3/lib/capybara/session.rb:768:in `block (2 levels) in <class:Session>'[0m
      [36m# /home/ec2-user/.rvm/gems/ruby-2.6.3/gems/capybara-3.35.3/lib/capybara/dsl.rb:58:in `block (2 levels) in <module:DSL>'[0m
      [36m# ./spec/system/03_finishing_touches_spec.rb:135:in `block (4 levels) in <main>'[0m

  36) [STEP3] 仕上げのテスト 処理失敗時のテスト 投稿データの新規投稿失敗: 投稿一覧画面から行い、titleを空にする バリデーションエラーが表示される
      [31mFailure/Error: click_button 'Create Book'[0m
      [31m[0m
      [31mCapybara::ElementNotFound:[0m
      [31m  Unable to find button "Create Book" that is not disabled[0m
      [36m# /home/ec2-user/.rvm/gems/ruby-2.6.3/gems/capybara-3.35.3/lib/capybara/node/finders.rb:303:in `block in synced_resolve'[0m
      [36m# /home/ec2-user/.rvm/gems/ruby-2.6.3/gems/capybara-3.35.3/lib/capybara/node/base.rb:83:in `synchronize'[0m
      [36m# /home/ec2-user/.rvm/gems/ruby-2.6.3/gems/capybara-3.35.3/lib/capybara/node/finders.rb:292:in `synced_resolve'[0m
      [36m# /home/ec2-user/.rvm/gems/ruby-2.6.3/gems/capybara-3.35.3/lib/capybara/node/finders.rb:53:in `find'[0m
      [36m# /home/ec2-user/.rvm/gems/ruby-2.6.3/gems/capybara-3.35.3/lib/capybara/node/actions.rb:58:in `click_button'[0m
      [36m# /home/ec2-user/.rvm/gems/ruby-2.6.3/gems/capybara-3.35.3/lib/capybara/session.rb:768:in `block (2 levels) in <class:Session>'[0m
      [36m# /home/ec2-user/.rvm/gems/ruby-2.6.3/gems/capybara-3.35.3/lib/capybara/dsl.rb:58:in `block (2 levels) in <module:DSL>'[0m
      [36m# ./spec/system/03_finishing_touches_spec.rb:145:in `block (4 levels) in <main>'[0m

  37) [STEP3] 仕上げのテスト 他人の画面のテスト 他人の投稿詳細画面のテスト 表示内容の確認 投稿の編集リンクが表示されない
      [31mFailure/Error: expect(page).not_to have_link 'Edit'[0m
      [31m  expected not to find visible link "Edit", found 1 match: "Edit"[0m
      [36m# ./spec/system/03_finishing_touches_spec.rb:235:in `block (5 levels) in <main>'[0m

  38) [STEP3] 仕上げのテスト 他人の画面のテスト 他人の投稿詳細画面のテスト 表示内容の確認 投稿の削除リンクが表示されない
      [31mFailure/Error: expect(page).not_to have_link 'Destroy'[0m
      [31m  expected not to find visible link "Destroy", found 1 match: "Destroy"[0m
      [36m# ./spec/system/03_finishing_touches_spec.rb:238:in `block (5 levels) in <main>'[0m

  39) [STEP3] 仕上げのテスト 他人の画面のテスト 他人の投稿詳細画面のテスト サイドバーの確認 他人の名前と紹介文が表示される
      [31mFailure/Error: expect(page).to have_content other_user.introduction[0m
      [31m  expected to find text "huhrrzgq437ms55o1mi7" in "Bookers\nHome Users Books log out\nUser info\nnamae 43p1xcjzv8 introduction p2iu5sl2mgzqzgt7p43w\nNew book\nTitle\nOpinion rfec0k97kr48xwbn930s\nBook detail\n9t3kodhqke 5cbsr rfec0k97kr48xwbn930s Edit Destroy\nCopyRight Infratop.inc"[0m
      [36m# ./spec/system/03_finishing_touches_spec.rb:245:in `block (5 levels) in <main>'[0m

  40) [STEP3] 仕上げのテスト 他人の画面のテスト 他人の投稿詳細画面のテスト サイドバーの確認 他人のユーザ編集画面へのリンクが存在する
      [31mFailure/Error: expect(page).to have_link '', href: edit_user_path(other_user)[0m
      [31m  expected to find link "" with href "/users/1/edit" but there were no matches[0m
      [36m# ./spec/system/03_finishing_touches_spec.rb:248:in `block (5 levels) in <main>'[0m

  41) [STEP3] 仕上げのテスト 他人の画面のテスト 他人の投稿詳細画面のテスト サイドバーの確認 自分の名前と紹介文は表示されない
      [31mFailure/Error: expect(page).not_to have_content user.name[0m
      [31m  expected not to find text "tvyllzjroa" in "Bookers\nHome Users Books log out\nUser info\nnamae tvyllzjroa introduction fxb7s13w1dru60naco7z\nNew book\nTitle\nOpinion rf1avwtgwoieu6p2dcdb\nBook detail\ng9x2w0x5vg qbd1s rf1avwtgwoieu6p2dcdb Edit Destroy\nCopyRight Infratop.inc"[0m
      [36m# ./spec/system/03_finishing_touches_spec.rb:251:in `block (5 levels) in <main>'[0m

  42) [STEP3] 仕上げのテスト 他人の画面のテスト 他人の投稿詳細画面のテスト サイドバーの確認 自分のユーザ編集画面へのリンクは存在しない
      [31mFailure/Error: expect(page).not_to have_link '', href: edit_user_path(user)[0m
      [31m  expected not to find visible link "" with href "/users/2/edit", found 1 match: ""[0m
      [36m# ./spec/system/03_finishing_touches_spec.rb:255:in `block (5 levels) in <main>'[0m

  43) [STEP3] 仕上げのテスト 他人の画面のテスト 他人の投稿編集画面 遷移できず、投稿一覧画面にリダイレクトされる
      [31mFailure/Error: expect(current_path).to eq '/books'[0m
      [31m[0m
      [31m  expected: "/books"[0m
      [31m       got: "/books/2/edit"[0m
      [31m[0m
      [31m  (compared using ==)[0m
      [36m# ./spec/system/03_finishing_touches_spec.rb:263:in `block (4 levels) in <main>'[0m

  44) [STEP3] 仕上げのテスト 他人の画面のテスト 他人のユーザ詳細画面のテスト 表示の確認 投稿一覧のユーザ画像のリンク先が正しい
      [31mFailure/Error: expect(page).to have_link '', href: user_path(other_user)[0m
      [31m  expected to find link "" with href "/users/1" but there were no matches[0m
      [36m# ./spec/system/03_finishing_touches_spec.rb:277:in `block (5 levels) in <main>'[0m

  45) [STEP3] 仕上げのテスト 他人の画面のテスト 他人のユーザ詳細画面のテスト 表示の確認 投稿一覧に他人の投稿のtitleが表示され、リンクが正しい
      [31mFailure/Error: expect(page).to have_link other_book.title, href: book_path(other_book)[0m
      [31m  expected to find link "0pa0n" with href "/books/2" but there were no matches[0m
      [36m# ./spec/system/03_finishing_touches_spec.rb:280:in `block (5 levels) in <main>'[0m

  46) [STEP3] 仕上げのテスト 他人の画面のテスト 他人のユーザ詳細画面のテスト サイドバーの確認 他人の名前と紹介文が表示される
      [31mFailure/Error: expect(page).to have_content other_user.name[0m
      [31m  expected to find text "uhz0i1q1mb" in "Bookers\nHome Users Books log out\nUser info\nnamae tvamxa6j1p introduction oiy8g9091ed7dq1zsaa3\nNew book\nTitle\nOpinion\nBooks\nTitle Opinion t65de 01ka3v6hnflt9ghn95d8\nCopyRight Infratop.inc"[0m
      [36m# ./spec/system/03_finishing_touches_spec.rb:293:in `block (5 levels) in <main>'[0m

  47) [STEP3] 仕上げのテスト 他人の画面のテスト 他人のユーザ詳細画面のテスト サイドバーの確認 自分の名前と紹介文は表示されない
      [31mFailure/Error: expect(page).not_to have_content user.name[0m
      [31m  expected not to find text "ukdyg7rut2" in "Bookers\nHome Users Books log out\nUser info\nnamae ukdyg7rut2 introduction zbarzse9eufu2p9ws2gt\nNew book\nTitle\nOpinion\nBooks\nTitle Opinion o1jw1 68gjjas4s8ujv2ouj0dy\nCopyRight Infratop.inc"[0m
      [36m# ./spec/system/03_finishing_touches_spec.rb:300:in `block (5 levels) in <main>'[0m

  48) [STEP3] 仕上げのテスト アイコンのテスト アバウト画面 本のアイコンが表示される
      [31mFailure/Error: visit '/home/about'[0m
      [31m[0m
      [31mActionController::RoutingError:[0m
      [31m  No route matches [GET] "/home/about"[0m
      [36m# /home/ec2-user/.rvm/gems/ruby-2.6.3/gems/railties-5.2.5/lib/rails/rack/logger.rb:38:in `call_app'[0m
      [36m# /home/ec2-user/.rvm/gems/ruby-2.6.3/gems/railties-5.2.5/lib/rails/rack/logger.rb:26:in `block in call'[0m
      [36m# /home/ec2-user/.rvm/gems/ruby-2.6.3/gems/railties-5.2.5/lib/rails/rack/logger.rb:26:in `call'[0m
      [36m# /home/ec2-user/.rvm/gems/ruby-2.6.3/gems/rack-2.2.3/lib/rack/method_override.rb:24:in `call'[0m
      [36m# /home/ec2-user/.rvm/gems/ruby-2.6.3/gems/rack-2.2.3/lib/rack/runtime.rb:22:in `call'[0m
      [36m# /home/ec2-user/.rvm/gems/ruby-2.6.3/gems/rack-2.2.3/lib/rack/sendfile.rb:110:in `call'[0m
      [36m# /home/ec2-user/.rvm/gems/ruby-2.6.3/gems/railties-5.2.5/lib/rails/engine.rb:524:in `call'[0m
      [36m# /home/ec2-user/.rvm/gems/ruby-2.6.3/gems/rack-2.2.3/lib/rack/urlmap.rb:74:in `block in call'[0m
      [36m# /home/ec2-user/.rvm/gems/ruby-2.6.3/gems/rack-2.2.3/lib/rack/urlmap.rb:58:in `each'[0m
      [36m# /home/ec2-user/.rvm/gems/ruby-2.6.3/gems/rack-2.2.3/lib/rack/urlmap.rb:58:in `call'[0m
      [36m# /home/ec2-user/.rvm/gems/ruby-2.6.3/gems/rack-2.2.3/lib/rack/builder.rb:244:in `call'[0m
      [36m# /home/ec2-user/.rvm/gems/ruby-2.6.3/gems/rack-test-1.1.0/lib/rack/mock_session.rb:29:in `request'[0m
      [36m# /home/ec2-user/.rvm/gems/ruby-2.6.3/gems/rack-test-1.1.0/lib/rack/test.rb:266:in `process_request'[0m
      [36m# /home/ec2-user/.rvm/gems/ruby-2.6.3/gems/rack-test-1.1.0/lib/rack/test.rb:129:in `custom_request'[0m
      [36m# /home/ec2-user/.rvm/gems/ruby-2.6.3/gems/rack-test-1.1.0/lib/rack/test.rb:58:in `get'[0m
      [36m# /home/ec2-user/.rvm/gems/ruby-2.6.3/gems/capybara-3.35.3/lib/capybara/rack_test/browser.rb:72:in `process'[0m
      [36m# /home/ec2-user/.rvm/gems/ruby-2.6.3/gems/capybara-3.35.3/lib/capybara/rack_test/browser.rb:47:in `process_and_follow_redirects'[0m
      [36m# /home/ec2-user/.rvm/gems/ruby-2.6.3/gems/capybara-3.35.3/lib/capybara/rack_test/browser.rb:24:in `visit'[0m
      [36m# /home/ec2-user/.rvm/gems/ruby-2.6.3/gems/capybara-3.35.3/lib/capybara/rack_test/driver.rb:46:in `visit'[0m
      [36m# /home/ec2-user/.rvm/gems/ruby-2.6.3/gems/capybara-3.35.3/lib/capybara/session.rb:278:in `visit'[0m
      [36m# /home/ec2-user/.rvm/gems/ruby-2.6.3/gems/capybara-3.35.3/lib/capybara/dsl.rb:58:in `block (2 levels) in <module:DSL>'[0m
      [36m# ./spec/system/03_finishing_touches_spec.rb:366:in `block (4 levels) in <main>'[0m

  49) [STEP3] 仕上げのテスト アイコンのテスト ヘッダー: ログインしている場合 log outリンクのアイコンが表示される
      [31mFailure/Error: is_expected.to have_selector '.fas.fa-sign-out-alt'[0m
      [31m  expected to find css ".fas.fa-sign-out-alt" but there were no matches[0m
      [36m# ./spec/system/03_finishing_touches_spec.rb:415:in `block (4 levels) in <main>'[0m

Finished in 15.21 seconds (files took 1.82 seconds to load)
[31m197 examples, 49 failures[0m

Failed examples:

[31mrspec ./spec/models/user_spec.rb:31[0m [36m# Userモデルのテスト バリデーションのテスト nameカラム 一意性があること[0m
[31mrspec ./spec/system/01_before_login_spec.rb:13[0m [36m# [STEP1] ユーザログイン前のテスト トップ画面のテスト 表示内容の確認 Log inリンクが表示される: 左上から5番目のリンクが「Log in」である[0m
[31mrspec ./spec/system/01_before_login_spec.rb:21[0m [36m# [STEP1] ユーザログイン前のテスト トップ画面のテスト 表示内容の確認 Sign Upリンクが表示される: 左上から6番目のリンクが「Sign Up」である[0m
[31mrspec ./spec/system/01_before_login_spec.rb:38[0m [36m# [STEP1] ユーザログイン前のテスト アバウト画面のテスト 表示内容の確認 URLが正しい[0m
[31mrspec ./spec/system/01_before_login_spec.rb:53[0m [36m# [STEP1] ユーザログイン前のテスト ヘッダーのテスト: ログインしていない場合 表示内容の確認 Homeリンクが表示される: 左上から1番目のリンクが「Home」である[0m
[31mrspec ./spec/system/01_before_login_spec.rb:57[0m [36m# [STEP1] ユーザログイン前のテスト ヘッダーのテスト: ログインしていない場合 表示内容の確認 Aboutリンクが表示される: 左上から2番目のリンクが「About」である[0m
[31mrspec ./spec/system/01_before_login_spec.rb:61[0m [36m# [STEP1] ユーザログイン前のテスト ヘッダーのテスト: ログインしていない場合 表示内容の確認 sign upリンクが表示される: 左上から3番目のリンクが「sign up」である[0m
[31mrspec ./spec/system/01_before_login_spec.rb:65[0m [36m# [STEP1] ユーザログイン前のテスト ヘッダーのテスト: ログインしていない場合 表示内容の確認 loginリンクが表示される: 左上から4番目のリンクが「login」である[0m
[31mrspec ./spec/system/01_before_login_spec.rb:81[0m [36m# [STEP1] ユーザログイン前のテスト ヘッダーのテスト: ログインしていない場合 リンクの内容を確認 Aboutを押すと、アバウト画面に遷移する[0m
[31mrspec ./spec/system/01_before_login_spec.rb:87[0m [36m# [STEP1] ユーザログイン前のテスト ヘッダーのテスト: ログインしていない場合 リンクの内容を確認 sign upを押すと、新規登録画面に遷移する[0m
[31mrspec ./spec/system/01_before_login_spec.rb:93[0m [36m# [STEP1] ユーザログイン前のテスト ヘッダーのテスト: ログインしていない場合 リンクの内容を確認 loginを押すと、ログイン画面に遷移する[0m
[31mrspec ./spec/system/01_before_login_spec.rb:216[0m [36m# [STEP1] ユーザログイン前のテスト ヘッダーのテスト: ログインしている場合 ヘッダーの表示を確認 Homeリンクが表示される: 左上から1番目のリンクが「Home」である[0m
[31mrspec ./spec/system/01_before_login_spec.rb:220[0m [36m# [STEP1] ユーザログイン前のテスト ヘッダーのテスト: ログインしている場合 ヘッダーの表示を確認 Usersリンクが表示される: 左上から2番目のリンクが「Users」である[0m
[31mrspec ./spec/system/01_before_login_spec.rb:224[0m [36m# [STEP1] ユーザログイン前のテスト ヘッダーのテスト: ログインしている場合 ヘッダーの表示を確認 Booksリンクが表示される: 左上から3番目のリンクが「Books」である[0m
[31mrspec ./spec/system/01_before_login_spec.rb:228[0m [36m# [STEP1] ユーザログイン前のテスト ヘッダーのテスト: ログインしている場合 ヘッダーの表示を確認 log outリンクが表示される: 左上から4番目のリンクが「logout」である[0m
[31mrspec ./spec/system/01_before_login_spec.rb:249[0m [36m# [STEP1] ユーザログイン前のテスト ユーザログアウトのテスト ログアウト機能のテスト 正しくログアウトできている: ログアウト後のリダイレクト先においてAbout画面へのリンクが存在する[0m
[31mrspec ./spec/system/01_before_login_spec.rb:252[0m [36m# [STEP1] ユーザログイン前のテスト ユーザログアウトのテスト ログアウト機能のテスト ログアウト後のリダイレクト先が、トップになっている[0m
[31mrspec ./spec/system/02_after_login_spec.rb:20[0m [36m# [STEP2] ユーザログイン後のテスト ヘッダーのテスト: ログインしている場合 リンクの内容を確認: ※logoutは『ユーザログアウトのテスト』でテスト済みになります。 Homeを押すと、自分のユーザ詳細画面に遷移する[0m
[31mrspec ./spec/system/02_after_login_spec.rb:26[0m [36m# [STEP2] ユーザログイン後のテスト ヘッダーのテスト: ログインしている場合 リンクの内容を確認: ※logoutは『ユーザログアウトのテスト』でテスト済みになります。 Usersを押すと、ユーザ一覧画面に遷移する[0m
[31mrspec ./spec/system/02_after_login_spec.rb:32[0m [36m# [STEP2] ユーザログイン後のテスト ヘッダーのテスト: ログインしている場合 リンクの内容を確認: ※logoutは『ユーザログアウトのテスト』でテスト済みになります。 Booksを押すと、投稿一覧画面に遷移する[0m
[31mrspec ./spec/system/02_after_login_spec.rb:87[0m [36m# [STEP2] ユーザログイン後のテスト 投稿一覧画面のテスト サイドバーの確認 Create Bookボタンが表示される[0m
[31mrspec ./spec/system/02_after_login_spec.rb:98[0m [36m# [STEP2] ユーザログイン後のテスト 投稿一覧画面のテスト 投稿成功のテスト 自分の新しい投稿が正しく保存される[0m
[31mrspec ./spec/system/02_after_login_spec.rb:101[0m [36m# [STEP2] ユーザログイン後のテスト 投稿一覧画面のテスト 投稿成功のテスト リダイレクト先が、保存できた投稿の詳細画面になっている[0m
[31mrspec ./spec/system/02_after_login_spec.rb:157[0m [36m# [STEP2] ユーザログイン後のテスト 自分の投稿詳細画面のテスト サイドバーの確認 opinionフォームに値が入っていない[0m
[31mrspec ./spec/system/02_after_login_spec.rb:160[0m [36m# [STEP2] ユーザログイン後のテスト 自分の投稿詳細画面のテスト サイドバーの確認 Create Bookボタンが表示される[0m
[31mrspec ./spec/system/02_after_login_spec.rb:171[0m [36m# [STEP2] ユーザログイン後のテスト 自分の投稿詳細画面のテスト 投稿成功のテスト 自分の新しい投稿が正しく保存される[0m
[31mrspec ./spec/system/02_after_login_spec.rb:206[0m [36m# [STEP2] ユーザログイン後のテスト 自分の投稿編集画面のテスト 表示の確認 「Editing Book」と表示される[0m
[31mrspec ./spec/system/02_after_login_spec.rb:293[0m [36m# [STEP2] ユーザログイン後のテスト ユーザ一覧画面のテスト サイドバーの確認 Create Bookボタンが表示される[0m
[31mrspec ./spec/system/02_after_login_spec.rb:311[0m [36m# [STEP2] ユーザログイン後のテスト 自分のユーザ詳細画面のテスト 表示の確認 投稿一覧に自分の投稿のtitleが表示され、リンクが正しい[0m
[31mrspec ./spec/system/02_after_login_spec.rb:347[0m [36m# [STEP2] ユーザログイン後のテスト 自分のユーザ詳細画面のテスト サイドバーの確認 Create Bookボタンが表示される[0m
[31mrspec ./spec/system/03_finishing_touches_spec.rb:28[0m [36m# [STEP3] 仕上げのテスト サクセスメッセージのテスト ユーザログアウト成功時[0m
[31mrspec ./spec/system/03_finishing_touches_spec.rb:47[0m [36m# [STEP3] 仕上げのテスト サクセスメッセージのテスト 投稿データの新規投稿成功時: 投稿一覧画面から行います。[0m
[31mrspec ./spec/system/03_finishing_touches_spec.rb:115[0m [36m# [STEP3] 仕上げのテスト 処理失敗時のテスト ユーザのプロフィール情報編集失敗: nameを1文字にする バリデーションエラーが表示される[0m
[31mrspec ./spec/system/03_finishing_touches_spec.rb:131[0m [36m# [STEP3] 仕上げのテスト 処理失敗時のテスト 投稿データの新規投稿失敗: 投稿一覧画面から行い、titleを空にする 投稿が保存されない[0m
[31mrspec ./spec/system/03_finishing_touches_spec.rb:134[0m [36m# [STEP3] 仕上げのテスト 処理失敗時のテスト 投稿データの新規投稿失敗: 投稿一覧画面から行い、titleを空にする 投稿一覧画面を表示している[0m
[31mrspec ./spec/system/03_finishing_touches_spec.rb:144[0m [36m# [STEP3] 仕上げのテスト 処理失敗時のテスト 投稿データの新規投稿失敗: 投稿一覧画面から行い、titleを空にする バリデーションエラーが表示される[0m
[31mrspec ./spec/system/03_finishing_touches_spec.rb:234[0m [36m# [STEP3] 仕上げのテスト 他人の画面のテスト 他人の投稿詳細画面のテスト 表示内容の確認 投稿の編集リンクが表示されない[0m
[31mrspec ./spec/system/03_finishing_touches_spec.rb:237[0m [36m# [STEP3] 仕上げのテスト 他人の画面のテスト 他人の投稿詳細画面のテスト 表示内容の確認 投稿の削除リンクが表示されない[0m
[31mrspec ./spec/system/03_finishing_touches_spec.rb:243[0m [36m# [STEP3] 仕上げのテスト 他人の画面のテスト 他人の投稿詳細画面のテスト サイドバーの確認 他人の名前と紹介文が表示される[0m
[31mrspec ./spec/system/03_finishing_touches_spec.rb:247[0m [36m# [STEP3] 仕上げのテスト 他人の画面のテスト 他人の投稿詳細画面のテスト サイドバーの確認 他人のユーザ編集画面へのリンクが存在する[0m
[31mrspec ./spec/system/03_finishing_touches_spec.rb:250[0m [36m# [STEP3] 仕上げのテスト 他人の画面のテスト 他人の投稿詳細画面のテスト サイドバーの確認 自分の名前と紹介文は表示されない[0m
[31mrspec ./spec/system/03_finishing_touches_spec.rb:254[0m [36m# [STEP3] 仕上げのテスト 他人の画面のテスト 他人の投稿詳細画面のテスト サイドバーの確認 自分のユーザ編集画面へのリンクは存在しない[0m
[31mrspec ./spec/system/03_finishing_touches_spec.rb:261[0m [36m# [STEP3] 仕上げのテスト 他人の画面のテスト 他人の投稿編集画面 遷移できず、投稿一覧画面にリダイレクトされる[0m
[31mrspec ./spec/system/03_finishing_touches_spec.rb:276[0m [36m# [STEP3] 仕上げのテスト 他人の画面のテスト 他人のユーザ詳細画面のテスト 表示の確認 投稿一覧のユーザ画像のリンク先が正しい[0m
[31mrspec ./spec/system/03_finishing_touches_spec.rb:279[0m [36m# [STEP3] 仕上げのテスト 他人の画面のテスト 他人のユーザ詳細画面のテスト 表示の確認 投稿一覧に他人の投稿のtitleが表示され、リンクが正しい[0m
[31mrspec ./spec/system/03_finishing_touches_spec.rb:292[0m [36m# [STEP3] 仕上げのテスト 他人の画面のテスト 他人のユーザ詳細画面のテスト サイドバーの確認 他人の名前と紹介文が表示される[0m
[31mrspec ./spec/system/03_finishing_touches_spec.rb:299[0m [36m# [STEP3] 仕上げのテスト 他人の画面のテスト 他人のユーザ詳細画面のテスト サイドバーの確認 自分の名前と紹介文は表示されない[0m
[31mrspec ./spec/system/03_finishing_touches_spec.rb:369[0m [36m# [STEP3] 仕上げのテスト アイコンのテスト アバウト画面 本のアイコンが表示される[0m
[31mrspec ./spec/system/03_finishing_touches_spec.rb:414[0m [36m# [STEP3] 仕上げのテスト アイコンのテスト ヘッダー: ログインしている場合 log outリンクのアイコンが表示される[0m

